<?xml version="1.0" encoding="UTF-8"?>
<coverage generated="1738608479732" clover="3.2.0">
  <project timestamp="1738608479732" name="All files">
    <metrics statements="77" coveredstatements="58" conditionals="43" coveredconditionals="35" methods="24" coveredmethods="18" elements="144" coveredelements="111" complexity="0" loc="77" ncloc="77" packages="5" files="7" classes="7"/>
    <package name="main.src.services.api">
      <metrics statements="14" coveredstatements="12" conditionals="12" coveredconditionals="11" methods="1" coveredmethods="1"/>
      <file name="apiProblem.ts" path="/Users/abdulmalikalshugaa/Documents/interview-assignments/PokemonShowCase/app/modules/main/src/services/api/apiProblem.ts">
        <metrics statements="14" coveredstatements="12" conditionals="12" coveredconditionals="11" methods="1" coveredmethods="1"/>
        <line num="47" count="10" type="cond" truecount="7" falsecount="0"/>
        <line num="49" count="1" type="stmt"/>
        <line num="51" count="1" type="stmt"/>
        <line num="53" count="1" type="stmt"/>
        <line num="55" count="1" type="stmt"/>
        <line num="57" count="1" type="stmt"/>
        <line num="59" count="4" type="cond" truecount="4" falsecount="1"/>
        <line num="61" count="1" type="stmt"/>
        <line num="63" count="1" type="stmt"/>
        <line num="65" count="1" type="stmt"/>
        <line num="67" count="0" type="stmt"/>
        <line num="69" count="1" type="stmt"/>
        <line num="72" count="1" type="stmt"/>
        <line num="75" count="0" type="stmt"/>
      </file>
    </package>
    <package name="main.src.utils">
      <metrics statements="31" coveredstatements="31" conditionals="19" coveredconditionals="16" methods="10" coveredmethods="10"/>
      <file name="capitalizeFirstLetter.ts" path="/Users/abdulmalikalshugaa/Documents/interview-assignments/PokemonShowCase/app/modules/main/src/utils/capitalizeFirstLetter.ts">
        <metrics statements="2" coveredstatements="2" conditionals="0" coveredconditionals="0" methods="1" coveredmethods="1"/>
        <line num="1" count="1" type="stmt"/>
        <line num="2" count="6" type="stmt"/>
      </file>
      <file name="getPokemonData.ts" path="/Users/abdulmalikalshugaa/Documents/interview-assignments/PokemonShowCase/app/modules/main/src/utils/getPokemonData.ts">
        <metrics statements="27" coveredstatements="27" conditionals="19" coveredconditionals="16" methods="8" coveredmethods="8"/>
        <line num="4" count="1" type="stmt"/>
        <line num="5" count="1" type="stmt"/>
        <line num="7" count="1" type="stmt"/>
        <line num="8" count="2" type="cond" truecount="3" falsecount="0"/>
        <line num="11" count="1" type="stmt"/>
        <line num="13" count="1" type="stmt"/>
        <line num="14" count="2" type="stmt"/>
        <line num="20" count="1" type="stmt"/>
        <line num="21" count="6" type="stmt"/>
        <line num="23" count="6" type="cond" truecount="2" falsecount="0"/>
        <line num="24" count="1" type="stmt"/>
        <line num="25" count="5" type="cond" truecount="2" falsecount="0"/>
        <line num="26" count="1" type="stmt"/>
        <line num="27" count="4" type="cond" truecount="2" falsecount="0"/>
        <line num="28" count="1" type="stmt"/>
        <line num="29" count="3" type="cond" truecount="2" falsecount="0"/>
        <line num="30" count="1" type="stmt"/>
        <line num="31" count="2" type="cond" truecount="2" falsecount="0"/>
        <line num="32" count="1" type="stmt"/>
        <line num="33" count="1" type="cond" truecount="1" falsecount="1"/>
        <line num="34" count="1" type="stmt"/>
        <line num="37" count="6" type="stmt"/>
        <line num="44" count="1" type="stmt"/>
        <line num="45" count="2" type="stmt"/>
        <line num="51" count="1" type="stmt"/>
        <line num="52" count="2" type="stmt"/>
        <line num="58" count="1" type="stmt"/>
      </file>
      <file name="getPokemonImageById.ts" path="/Users/abdulmalikalshugaa/Documents/interview-assignments/PokemonShowCase/app/modules/main/src/utils/getPokemonImageById.ts">
        <metrics statements="2" coveredstatements="2" conditionals="0" coveredconditionals="0" methods="1" coveredmethods="1"/>
        <line num="1" count="1" type="stmt"/>
        <line num="2" count="1" type="stmt"/>
      </file>
    </package>
    <package name="main.src.utils.storage">
      <metrics statements="17" coveredstatements="0" conditionals="4" coveredconditionals="0" methods="6" coveredmethods="0"/>
      <file name="storage.ts" path="/Users/abdulmalikalshugaa/Documents/interview-assignments/PokemonShowCase/app/modules/main/src/utils/storage/storage.ts">
        <metrics statements="17" coveredstatements="0" conditionals="4" coveredconditionals="0" methods="6" coveredmethods="0"/>
        <line num="9" count="0" type="stmt"/>
        <line num="10" count="0" type="stmt"/>
        <line num="13" count="0" type="stmt"/>
        <line num="24" count="0" type="stmt"/>
        <line num="26" count="0" type="stmt"/>
        <line num="28" count="0" type="stmt"/>
        <line num="38" count="0" type="stmt"/>
        <line num="39" count="0" type="stmt"/>
        <line num="40" count="0" type="stmt"/>
        <line num="41" count="0" type="cond" truecount="0" falsecount="2"/>
        <line num="43" count="0" type="cond" truecount="0" falsecount="2"/>
        <line num="54" count="0" type="stmt"/>
        <line num="55" count="0" type="stmt"/>
        <line num="56" count="0" type="stmt"/>
        <line num="58" count="0" type="stmt"/>
        <line num="68" count="0" type="stmt"/>
        <line num="77" count="0" type="stmt"/>
      </file>
    </package>
    <package name="pokemons.src">
      <metrics statements="13" coveredstatements="13" conditionals="8" coveredconditionals="8" methods="7" coveredmethods="7"/>
      <file name="pokemoneDetailsSelectors.ts" path="/Users/abdulmalikalshugaa/Documents/interview-assignments/PokemonShowCase/app/modules/pokemons/src/pokemoneDetailsSelectors.ts">
        <metrics statements="13" coveredstatements="13" conditionals="8" coveredconditionals="8" methods="7" coveredmethods="7"/>
        <line num="6" count="24" type="stmt"/>
        <line num="8" count="1" type="stmt"/>
        <line num="9" count="1" type="stmt"/>
        <line num="10" count="1" type="stmt"/>
        <line num="11" count="8" type="cond" truecount="2" falsecount="0"/>
        <line num="12" count="1" type="stmt"/>
        <line num="13" count="8" type="cond" truecount="2" falsecount="0"/>
        <line num="16" count="1" type="stmt"/>
        <line num="20" count="4" type="cond" truecount="4" falsecount="0"/>
        <line num="21" count="3" type="stmt"/>
        <line num="23" count="1" type="stmt"/>
        <line num="24" count="1" type="stmt"/>
        <line num="25" count="1" type="stmt"/>
      </file>
    </package>
    <package name="pokemons.test">
      <metrics statements="2" coveredstatements="2" conditionals="0" coveredconditionals="0" methods="0" coveredmethods="0"/>
      <file name="pokemonMockup.ts" path="/Users/abdulmalikalshugaa/Documents/interview-assignments/PokemonShowCase/app/modules/pokemons/test/pokemonMockup.ts">
        <metrics statements="2" coveredstatements="2" conditionals="0" coveredconditionals="0" methods="0" coveredmethods="0"/>
        <line num="1" count="1" type="stmt"/>
        <line num="138" count="1" type="stmt"/>
      </file>
    </package>
  </project>
</coverage>
