{"/Users/abdulmalikalshugaa/Documents/interview-assignments/PokemonShowCase/app/modules/main/src/services/api/apiProblem.ts": {"path":"/Users/abdulmalikalshugaa/Documents/interview-assignments/PokemonShowCase/app/modules/main/src/services/api/apiProblem.ts","statementMap":{"0":{"start":{"line":47,"column":4},"end":{"line":73,"column":5}},"1":{"start":{"line":49,"column":12},"end":{"line":49,"column":63}},"2":{"start":{"line":51,"column":12},"end":{"line":51,"column":63}},"3":{"start":{"line":53,"column":12},"end":{"line":53,"column":56}},"4":{"start":{"line":55,"column":12},"end":{"line":55,"column":38}},"5":{"start":{"line":57,"column":12},"end":{"line":57,"column":56}},"6":{"start":{"line":59,"column":12},"end":{"line":70,"column":13}},"7":{"start":{"line":61,"column":20},"end":{"line":61,"column":52}},"8":{"start":{"line":63,"column":20},"end":{"line":63,"column":49}},"9":{"start":{"line":65,"column":20},"end":{"line":65,"column":49}},"10":{"start":{"line":67,"column":20},"end":{"line":67,"column":48}},"11":{"start":{"line":69,"column":20},"end":{"line":69,"column":48}},"12":{"start":{"line":72,"column":12},"end":{"line":72,"column":24}},"13":{"start":{"line":75,"column":4},"end":{"line":75,"column":16}}},"fnMap":{"0":{"name":"getGeneralApiProblem","decl":{"start":{"line":46,"column":16},"end":{"line":46,"column":36}},"loc":{"start":{"line":46,"column":91},"end":{"line":76,"column":1}},"line":46}},"branchMap":{"0":{"loc":{"start":{"line":47,"column":4},"end":{"line":73,"column":5}},"type":"switch","locations":[{"start":{"line":48,"column":8},"end":{"line":49,"column":63}},{"start":{"line":50,"column":8},"end":{"line":51,"column":63}},{"start":{"line":52,"column":8},"end":{"line":53,"column":56}},{"start":{"line":54,"column":8},"end":{"line":55,"column":38}},{"start":{"line":56,"column":8},"end":{"line":57,"column":56}},{"start":{"line":58,"column":8},"end":{"line":70,"column":13}},{"start":{"line":71,"column":8},"end":{"line":72,"column":24}}],"line":47},"1":{"loc":{"start":{"line":59,"column":12},"end":{"line":70,"column":13}},"type":"switch","locations":[{"start":{"line":60,"column":16},"end":{"line":61,"column":52}},{"start":{"line":62,"column":16},"end":{"line":63,"column":49}},{"start":{"line":64,"column":16},"end":{"line":65,"column":49}},{"start":{"line":66,"column":16},"end":{"line":67,"column":48}},{"start":{"line":68,"column":16},"end":{"line":69,"column":48}}],"line":59}},"s":{"0":10,"1":1,"2":1,"3":1,"4":1,"5":1,"6":4,"7":1,"8":1,"9":1,"10":0,"11":1,"12":1,"13":0},"f":{"0":10},"b":{"0":[1,1,1,1,1,4,1],"1":[1,1,1,0,1]},"_coverageSchema":"1a1c01bbd47fc00a2c39e90264f33305004495a9","hash":"1f2d6619c3a83aec4da4ec6e4ad8a029eca6400d"}
,"/Users/abdulmalikalshugaa/Documents/interview-assignments/PokemonShowCase/app/modules/main/src/utils/capitalizeFirstLetter.ts": {"path":"/Users/abdulmalikalshugaa/Documents/interview-assignments/PokemonShowCase/app/modules/main/src/utils/capitalizeFirstLetter.ts","statementMap":{"0":{"start":{"line":1,"column":30},"end":{"line":2,"column":50}},"1":{"start":{"line":2,"column":2},"end":{"line":2,"column":50}}},"fnMap":{"0":{"name":"(anonymous_0)","decl":{"start":{"line":1,"column":30},"end":{"line":1,"column":31}},"loc":{"start":{"line":2,"column":2},"end":{"line":2,"column":50}},"line":2}},"branchMap":{},"s":{"0":1,"1":6},"f":{"0":6},"b":{},"_coverageSchema":"1a1c01bbd47fc00a2c39e90264f33305004495a9","hash":"39af638656ff1e8068dd81396dd930aff596750c"}
,"/Users/abdulmalikalshugaa/Documents/interview-assignments/PokemonShowCase/app/modules/main/src/utils/getPokemonData.ts": {"path":"/Users/abdulmalikalshugaa/Documents/interview-assignments/PokemonShowCase/app/modules/main/src/utils/getPokemonData.ts","statementMap":{"0":{"start":{"line":4,"column":28},"end":{"line":74,"column":1}},"1":{"start":{"line":5,"column":29},"end":{"line":5,"column":99}},"2":{"start":{"line":5,"column":71},"end":{"line":5,"column":98}},"3":{"start":{"line":7,"column":35},"end":{"line":9,"column":5}},"4":{"start":{"line":8,"column":16},"end":{"line":8,"column":118}},"5":{"start":{"line":11,"column":31},"end":{"line":11,"column":106}},"6":{"start":{"line":11,"column":76},"end":{"line":11,"column":105}},"7":{"start":{"line":13,"column":34},"end":{"line":18,"column":6}},"8":{"start":{"line":14,"column":8},"end":{"line":17,"column":10}},"9":{"start":{"line":20,"column":34},"end":{"line":42,"column":6}},"10":{"start":{"line":21,"column":19},"end":{"line":21,"column":21}},"11":{"start":{"line":23,"column":8},"end":{"line":35,"column":9}},"12":{"start":{"line":24,"column":12},"end":{"line":24,"column":24}},"13":{"start":{"line":25,"column":15},"end":{"line":35,"column":9}},"14":{"start":{"line":26,"column":12},"end":{"line":26,"column":28}},"15":{"start":{"line":27,"column":15},"end":{"line":35,"column":9}},"16":{"start":{"line":28,"column":12},"end":{"line":28,"column":29}},"17":{"start":{"line":29,"column":15},"end":{"line":35,"column":9}},"18":{"start":{"line":30,"column":12},"end":{"line":30,"column":29}},"19":{"start":{"line":31,"column":15},"end":{"line":35,"column":9}},"20":{"start":{"line":32,"column":12},"end":{"line":32,"column":29}},"21":{"start":{"line":33,"column":15},"end":{"line":35,"column":9}},"22":{"start":{"line":34,"column":12},"end":{"line":34,"column":27}},"23":{"start":{"line":37,"column":8},"end":{"line":41,"column":10}},"24":{"start":{"line":44,"column":36},"end":{"line":49,"column":6}},"25":{"start":{"line":45,"column":8},"end":{"line":48,"column":10}},"26":{"start":{"line":51,"column":31},"end":{"line":56,"column":6}},"27":{"start":{"line":52,"column":8},"end":{"line":55,"column":10}},"28":{"start":{"line":58,"column":4},"end":{"line":73,"column":6}}},"fnMap":{"0":{"name":"(anonymous_0)","decl":{"start":{"line":4,"column":28},"end":{"line":4,"column":29}},"loc":{"start":{"line":4,"column":116},"end":{"line":74,"column":1}},"line":4},"1":{"name":"(anonymous_1)","decl":{"start":{"line":5,"column":63},"end":{"line":5,"column":64}},"loc":{"start":{"line":5,"column":71},"end":{"line":5,"column":98}},"line":5},"2":{"name":"(anonymous_2)","decl":{"start":{"line":8,"column":8},"end":{"line":8,"column":9}},"loc":{"start":{"line":8,"column":16},"end":{"line":8,"column":118}},"line":8},"3":{"name":"(anonymous_3)","decl":{"start":{"line":11,"column":66},"end":{"line":11,"column":67}},"loc":{"start":{"line":11,"column":76},"end":{"line":11,"column":105}},"line":11},"4":{"name":"(anonymous_4)","decl":{"start":{"line":13,"column":56},"end":{"line":13,"column":57}},"loc":{"start":{"line":13,"column":70},"end":{"line":18,"column":5}},"line":13},"5":{"name":"(anonymous_5)","decl":{"start":{"line":20,"column":56},"end":{"line":20,"column":57}},"loc":{"start":{"line":20,"column":64},"end":{"line":42,"column":5}},"line":20},"6":{"name":"(anonymous_6)","decl":{"start":{"line":44,"column":62},"end":{"line":44,"column":63}},"loc":{"start":{"line":44,"column":79},"end":{"line":49,"column":5}},"line":44},"7":{"name":"(anonymous_7)","decl":{"start":{"line":51,"column":64},"end":{"line":51,"column":65}},"loc":{"start":{"line":51,"column":77},"end":{"line":56,"column":5}},"line":51}},"branchMap":{"0":{"loc":{"start":{"line":8,"column":16},"end":{"line":8,"column":118}},"type":"binary-expr","locations":[{"start":{"line":8,"column":16},"end":{"line":8,"column":44}},{"start":{"line":8,"column":48},"end":{"line":8,"column":80}},{"start":{"line":8,"column":84},"end":{"line":8,"column":118}}],"line":8},"1":{"loc":{"start":{"line":23,"column":8},"end":{"line":35,"column":9}},"type":"if","locations":[{"start":{"line":23,"column":8},"end":{"line":35,"column":9}},{"start":{"line":25,"column":15},"end":{"line":35,"column":9}}],"line":23},"2":{"loc":{"start":{"line":25,"column":15},"end":{"line":35,"column":9}},"type":"if","locations":[{"start":{"line":25,"column":15},"end":{"line":35,"column":9}},{"start":{"line":27,"column":15},"end":{"line":35,"column":9}}],"line":25},"3":{"loc":{"start":{"line":27,"column":15},"end":{"line":35,"column":9}},"type":"if","locations":[{"start":{"line":27,"column":15},"end":{"line":35,"column":9}},{"start":{"line":29,"column":15},"end":{"line":35,"column":9}}],"line":27},"4":{"loc":{"start":{"line":29,"column":15},"end":{"line":35,"column":9}},"type":"if","locations":[{"start":{"line":29,"column":15},"end":{"line":35,"column":9}},{"start":{"line":31,"column":15},"end":{"line":35,"column":9}}],"line":29},"5":{"loc":{"start":{"line":31,"column":15},"end":{"line":35,"column":9}},"type":"if","locations":[{"start":{"line":31,"column":15},"end":{"line":35,"column":9}},{"start":{"line":33,"column":15},"end":{"line":35,"column":9}}],"line":31},"6":{"loc":{"start":{"line":33,"column":15},"end":{"line":35,"column":9}},"type":"if","locations":[{"start":{"line":33,"column":15},"end":{"line":35,"column":9}},{"start":{},"end":{}}],"line":33},"7":{"loc":{"start":{"line":59,"column":12},"end":{"line":59,"column":31}},"type":"binary-expr","locations":[{"start":{"line":59,"column":12},"end":{"line":59,"column":26}},{"start":{"line":59,"column":30},"end":{"line":59,"column":31}}],"line":59},"8":{"loc":{"start":{"line":60,"column":14},"end":{"line":60,"column":75}},"type":"binary-expr","locations":[{"start":{"line":60,"column":14},"end":{"line":60,"column":62}},{"start":{"line":60,"column":66},"end":{"line":60,"column":75}}],"line":60}},"s":{"0":1,"1":1,"2":1,"3":1,"4":2,"5":1,"6":1,"7":1,"8":2,"9":1,"10":6,"11":6,"12":1,"13":5,"14":1,"15":4,"16":1,"17":3,"18":1,"19":2,"20":1,"21":1,"22":1,"23":6,"24":1,"25":2,"26":1,"27":2,"28":1},"f":{"0":1,"1":1,"2":2,"3":1,"4":2,"5":6,"6":2,"7":2},"b":{"0":[2,2,2],"1":[1,5],"2":[1,4],"3":[1,3],"4":[1,2],"5":[1,1],"6":[1,0],"7":[1,0],"8":[1,0]},"_coverageSchema":"1a1c01bbd47fc00a2c39e90264f33305004495a9","hash":"1695e38690f9ac88f58587283bdd625bfc3d1218"}
,"/Users/abdulmalikalshugaa/Documents/interview-assignments/PokemonShowCase/app/modules/main/src/utils/getPokemonImageById.ts": {"path":"/Users/abdulmalikalshugaa/Documents/interview-assignments/PokemonShowCase/app/modules/main/src/utils/getPokemonImageById.ts","statementMap":{"0":{"start":{"line":1,"column":24},"end":{"line":2,"column":109}},"1":{"start":{"line":2,"column":2},"end":{"line":2,"column":109}}},"fnMap":{"0":{"name":"(anonymous_0)","decl":{"start":{"line":1,"column":24},"end":{"line":1,"column":25}},"loc":{"start":{"line":2,"column":2},"end":{"line":2,"column":109}},"line":2}},"branchMap":{},"s":{"0":1,"1":1},"f":{"0":1},"b":{},"_coverageSchema":"1a1c01bbd47fc00a2c39e90264f33305004495a9","hash":"a8ed329ba56e8b4d6951e2faaf59ef12bfb6a5d3"}
,"/Users/abdulmalikalshugaa/Documents/interview-assignments/PokemonShowCase/app/modules/main/src/utils/storage/storage.ts": {"path":"/Users/abdulmalikalshugaa/Documents/interview-assignments/PokemonShowCase/app/modules/main/src/utils/storage/storage.ts","statementMap":{"0":{"start":{"line":9,"column":4},"end":{"line":14,"column":5}},"1":{"start":{"line":10,"column":8},"end":{"line":10,"column":26}},"2":{"start":{"line":13,"column":8},"end":{"line":13,"column":20}},"3":{"start":{"line":24,"column":4},"end":{"line":29,"column":5}},"4":{"start":{"line":26,"column":8},"end":{"line":26,"column":20}},"5":{"start":{"line":28,"column":8},"end":{"line":28,"column":21}},"6":{"start":{"line":38,"column":37},"end":{"line":38,"column":41}},"7":{"start":{"line":39,"column":4},"end":{"line":44,"column":5}},"8":{"start":{"line":40,"column":8},"end":{"line":40,"column":38}},"9":{"start":{"line":41,"column":8},"end":{"line":41,"column":50}},"10":{"start":{"line":43,"column":8},"end":{"line":43,"column":42}},"11":{"start":{"line":54,"column":4},"end":{"line":59,"column":5}},"12":{"start":{"line":55,"column":8},"end":{"line":55,"column":47}},"13":{"start":{"line":56,"column":8},"end":{"line":56,"column":20}},"14":{"start":{"line":58,"column":8},"end":{"line":58,"column":21}},"15":{"start":{"line":68,"column":4},"end":{"line":70,"column":14}},"16":{"start":{"line":77,"column":4},"end":{"line":79,"column":14}}},"fnMap":{"0":{"name":"loadString","decl":{"start":{"line":8,"column":16},"end":{"line":8,"column":26}},"loc":{"start":{"line":8,"column":55},"end":{"line":15,"column":1}},"line":8},"1":{"name":"saveString","decl":{"start":{"line":23,"column":16},"end":{"line":23,"column":26}},"loc":{"start":{"line":23,"column":64},"end":{"line":30,"column":1}},"line":23},"2":{"name":"load","decl":{"start":{"line":37,"column":16},"end":{"line":37,"column":20}},"loc":{"start":{"line":37,"column":47},"end":{"line":45,"column":1}},"line":37},"3":{"name":"save","decl":{"start":{"line":53,"column":16},"end":{"line":53,"column":20}},"loc":{"start":{"line":53,"column":59},"end":{"line":60,"column":1}},"line":53},"4":{"name":"remove","decl":{"start":{"line":67,"column":16},"end":{"line":67,"column":22}},"loc":{"start":{"line":67,"column":42},"end":{"line":71,"column":1}},"line":67},"5":{"name":"clear","decl":{"start":{"line":76,"column":16},"end":{"line":76,"column":21}},"loc":{"start":{"line":76,"column":30},"end":{"line":80,"column":1}},"line":76}},"branchMap":{"0":{"loc":{"start":{"line":41,"column":26},"end":{"line":41,"column":43}},"type":"binary-expr","locations":[{"start":{"line":41,"column":26},"end":{"line":41,"column":37}},{"start":{"line":41,"column":41},"end":{"line":41,"column":43}}],"line":41},"1":{"loc":{"start":{"line":43,"column":15},"end":{"line":43,"column":41}},"type":"binary-expr","locations":[{"start":{"line":43,"column":16},"end":{"line":43,"column":32}},{"start":{"line":43,"column":37},"end":{"line":43,"column":41}}],"line":43}},"s":{"0":0,"1":0,"2":0,"3":0,"4":0,"5":0,"6":0,"7":0,"8":0,"9":0,"10":0,"11":0,"12":0,"13":0,"14":0,"15":0,"16":0},"f":{"0":0,"1":0,"2":0,"3":0,"4":0,"5":0},"b":{"0":[0,0],"1":[0,0]},"_coverageSchema":"1a1c01bbd47fc00a2c39e90264f33305004495a9","hash":"db4d70584473176fa882f28897ed89029484c272"}
,"/Users/abdulmalikalshugaa/Documents/interview-assignments/PokemonShowCase/app/modules/pokemons/src/pokemoneDetailsSelectors.ts": {"path":"/Users/abdulmalikalshugaa/Documents/interview-assignments/PokemonShowCase/app/modules/pokemons/src/pokemoneDetailsSelectors.ts","statementMap":{"0":{"start":{"line":6,"column":28},"end":{"line":6,"column":70}},"1":{"start":{"line":6,"column":50},"end":{"line":6,"column":70}},"2":{"start":{"line":8,"column":45},"end":{"line":8,"column":104}},"3":{"start":{"line":8,"column":90},"end":{"line":8,"column":103}},"4":{"start":{"line":9,"column":43},"end":{"line":9,"column":100}},"5":{"start":{"line":9,"column":88},"end":{"line":9,"column":99}},"6":{"start":{"line":10,"column":45},"end":{"line":10,"column":104}},"7":{"start":{"line":10,"column":90},"end":{"line":10,"column":103}},"8":{"start":{"line":11,"column":35},"end":{"line":11,"column":123}},"9":{"start":{"line":11,"column":81},"end":{"line":11,"column":121}},"10":{"start":{"line":12,"column":38},"end":{"line":14,"column":1}},"11":{"start":{"line":13,"column":4},"end":{"line":13,"column":47}},"12":{"start":{"line":16,"column":38},"end":{"line":27,"column":1}},"13":{"start":{"line":20,"column":8},"end":{"line":22,"column":9}},"14":{"start":{"line":21,"column":12},"end":{"line":21,"column":24}},"15":{"start":{"line":23,"column":26},"end":{"line":23,"column":74}},"16":{"start":{"line":24,"column":8},"end":{"line":24,"column":31}},"17":{"start":{"line":25,"column":8},"end":{"line":25,"column":25}}},"fnMap":{"0":{"name":"(anonymous_0)","decl":{"start":{"line":6,"column":28},"end":{"line":6,"column":29}},"loc":{"start":{"line":6,"column":50},"end":{"line":6,"column":70}},"line":6},"1":{"name":"(anonymous_1)","decl":{"start":{"line":8,"column":81},"end":{"line":8,"column":82}},"loc":{"start":{"line":8,"column":90},"end":{"line":8,"column":103}},"line":8},"2":{"name":"(anonymous_2)","decl":{"start":{"line":9,"column":79},"end":{"line":9,"column":80}},"loc":{"start":{"line":9,"column":88},"end":{"line":9,"column":99}},"line":9},"3":{"name":"(anonymous_3)","decl":{"start":{"line":10,"column":81},"end":{"line":10,"column":82}},"loc":{"start":{"line":10,"column":90},"end":{"line":10,"column":103}},"line":10},"4":{"name":"(anonymous_4)","decl":{"start":{"line":11,"column":71},"end":{"line":11,"column":72}},"loc":{"start":{"line":11,"column":81},"end":{"line":11,"column":121}},"line":11},"5":{"name":"(anonymous_5)","decl":{"start":{"line":12,"column":74},"end":{"line":12,"column":75}},"loc":{"start":{"line":13,"column":4},"end":{"line":13,"column":47}},"line":13},"6":{"name":"(anonymous_6)","decl":{"start":{"line":19,"column":4},"end":{"line":19,"column":5}},"loc":{"start":{"line":19,"column":37},"end":{"line":26,"column":5}},"line":19}},"branchMap":{"0":{"loc":{"start":{"line":11,"column":81},"end":{"line":11,"column":121}},"type":"cond-expr","locations":[{"start":{"line":11,"column":97},"end":{"line":11,"column":101}},{"start":{"line":11,"column":104},"end":{"line":11,"column":121}}],"line":11},"1":{"loc":{"start":{"line":13,"column":4},"end":{"line":13,"column":47}},"type":"cond-expr","locations":[{"start":{"line":13,"column":20},"end":{"line":13,"column":24}},{"start":{"line":13,"column":27},"end":{"line":13,"column":47}}],"line":13},"2":{"loc":{"start":{"line":20,"column":8},"end":{"line":22,"column":9}},"type":"if","locations":[{"start":{"line":20,"column":8},"end":{"line":22,"column":9}},{"start":{},"end":{}}],"line":20},"3":{"loc":{"start":{"line":20,"column":12},"end":{"line":20,"column":43}},"type":"binary-expr","locations":[{"start":{"line":20,"column":12},"end":{"line":20,"column":24}},{"start":{"line":20,"column":28},"end":{"line":20,"column":43}}],"line":20}},"s":{"0":1,"1":24,"2":1,"3":1,"4":1,"5":1,"6":1,"7":1,"8":1,"9":8,"10":1,"11":8,"12":1,"13":4,"14":3,"15":1,"16":1,"17":1},"f":{"0":24,"1":1,"2":1,"3":1,"4":8,"5":8,"6":4},"b":{"0":[4,4],"1":[4,4],"2":[3,1],"3":[4,2]},"_coverageSchema":"1a1c01bbd47fc00a2c39e90264f33305004495a9","hash":"3e7646aa9409dd0c05f10a82fafb5d7dedc33e92"}
,"/Users/abdulmalikalshugaa/Documents/interview-assignments/PokemonShowCase/app/modules/pokemons/test/pokemonMockup.ts": {"path":"/Users/abdulmalikalshugaa/Documents/interview-assignments/PokemonShowCase/app/modules/pokemons/test/pokemonMockup.ts","statementMap":{"0":{"start":{"line":1,"column":63},"end":{"line":136,"column":1}},"1":{"start":{"line":138,"column":57},"end":{"line":205,"column":1}}},"fnMap":{},"branchMap":{},"s":{"0":1,"1":1},"f":{},"b":{},"_coverageSchema":"1a1c01bbd47fc00a2c39e90264f33305004495a9","hash":"7dbfb81c6cf507c8c6fc395b8f1c2c9608f7236f"}
}
