TN:
SF:app/modules/main/src/services/api/apiProblem.ts
FN:46,getGeneralApiProblem
FNF:1
FNH:1
FNDA:10,getGeneralApiProblem
DA:47,10
DA:49,1
DA:51,1
DA:53,1
DA:55,1
DA:57,1
DA:59,4
DA:61,1
DA:63,1
DA:65,1
DA:67,0
DA:69,1
DA:72,1
DA:75,0
LF:14
LH:12
BRDA:47,0,0,1
BRDA:47,0,1,1
BRDA:47,0,2,1
BRDA:47,0,3,1
BRDA:47,0,4,1
BRDA:47,0,5,4
BRDA:47,0,6,1
BRDA:59,1,0,1
BRDA:59,1,1,1
BRDA:59,1,2,1
BRDA:59,1,3,0
BRDA:59,1,4,1
BRF:12
BRH:11
end_of_record
TN:
SF:app/modules/main/src/utils/capitalizeFirstLetter.ts
FN:1,(anonymous_0)
FNF:1
FNH:1
FNDA:6,(anonymous_0)
DA:1,1
DA:2,6
LF:2
LH:2
BRF:0
BRH:0
end_of_record
TN:
SF:app/modules/main/src/utils/getPokemonData.ts
FN:4,(anonymous_0)
FN:5,(anonymous_1)
FN:8,(anonymous_2)
FN:11,(anonymous_3)
FN:13,(anonymous_4)
FN:20,(anonymous_5)
FN:44,(anonymous_6)
FN:51,(anonymous_7)
FNF:8
FNH:8
FNDA:1,(anonymous_0)
FNDA:1,(anonymous_1)
FNDA:2,(anonymous_2)
FNDA:1,(anonymous_3)
FNDA:2,(anonymous_4)
FNDA:6,(anonymous_5)
FNDA:2,(anonymous_6)
FNDA:2,(anonymous_7)
DA:4,1
DA:5,1
DA:7,1
DA:8,2
DA:11,1
DA:13,1
DA:14,2
DA:20,1
DA:21,6
DA:23,6
DA:24,1
DA:25,5
DA:26,1
DA:27,4
DA:28,1
DA:29,3
DA:30,1
DA:31,2
DA:32,1
DA:33,1
DA:34,1
DA:37,6
DA:44,1
DA:45,2
DA:51,1
DA:52,2
DA:58,1
LF:27
LH:27
BRDA:8,0,0,2
BRDA:8,0,1,2
BRDA:8,0,2,2
BRDA:23,1,0,1
BRDA:23,1,1,5
BRDA:25,2,0,1
BRDA:25,2,1,4
BRDA:27,3,0,1
BRDA:27,3,1,3
BRDA:29,4,0,1
BRDA:29,4,1,2
BRDA:31,5,0,1
BRDA:31,5,1,1
BRDA:33,6,0,1
BRDA:33,6,1,0
BRDA:59,7,0,1
BRDA:59,7,1,0
BRDA:60,8,0,1
BRDA:60,8,1,0
BRF:19
BRH:16
end_of_record
TN:
SF:app/modules/main/src/utils/getPokemonImageById.ts
FN:1,(anonymous_0)
FNF:1
FNH:1
FNDA:1,(anonymous_0)
DA:1,1
DA:2,1
LF:2
LH:2
BRF:0
BRH:0
end_of_record
TN:
SF:app/modules/main/src/utils/storage/storage.ts
FN:8,loadString
FN:23,saveString
FN:37,load
FN:53,save
FN:67,remove
FN:76,clear
FNF:6
FNH:0
FNDA:0,loadString
FNDA:0,saveString
FNDA:0,load
FNDA:0,save
FNDA:0,remove
FNDA:0,clear
DA:9,0
DA:10,0
DA:13,0
DA:24,0
DA:26,0
DA:28,0
DA:38,0
DA:39,0
DA:40,0
DA:41,0
DA:43,0
DA:54,0
DA:55,0
DA:56,0
DA:58,0
DA:68,0
DA:77,0
LF:17
LH:0
BRDA:41,0,0,0
BRDA:41,0,1,0
BRDA:43,1,0,0
BRDA:43,1,1,0
BRF:4
BRH:0
end_of_record
TN:
SF:app/modules/pokemons/src/pokemoneDetailsSelectors.ts
FN:6,(anonymous_0)
FN:8,(anonymous_1)
FN:9,(anonymous_2)
FN:10,(anonymous_3)
FN:11,(anonymous_4)
FN:12,(anonymous_5)
FN:19,(anonymous_6)
FNF:7
FNH:7
FNDA:24,(anonymous_0)
FNDA:1,(anonymous_1)
FNDA:1,(anonymous_2)
FNDA:1,(anonymous_3)
FNDA:8,(anonymous_4)
FNDA:8,(anonymous_5)
FNDA:4,(anonymous_6)
DA:6,24
DA:8,1
DA:9,1
DA:10,1
DA:11,8
DA:12,1
DA:13,8
DA:16,1
DA:20,4
DA:21,3
DA:23,1
DA:24,1
DA:25,1
LF:13
LH:13
BRDA:11,0,0,4
BRDA:11,0,1,4
BRDA:13,1,0,4
BRDA:13,1,1,4
BRDA:20,2,0,3
BRDA:20,2,1,1
BRDA:20,3,0,4
BRDA:20,3,1,2
BRF:8
BRH:8
end_of_record
TN:
SF:app/modules/pokemons/test/pokemonMockup.ts
FNF:0
FNH:0
DA:1,1
DA:138,1
LF:2
LH:2
BRF:0
BRH:0
end_of_record
